2018-11-12 08:25:21,962 INFO o.a.j.u.JMeterUtils: Setting Locale to en_US
2018-11-12 08:25:22,089 INFO o.a.j.JMeter: Loading user properties from: user.properties
2018-11-12 08:25:22,109 INFO o.a.j.JMeter: Loading system properties from: system.properties
2018-11-12 08:25:22,136 INFO o.a.j.JMeter: Copyright (c) 1998-2018 The Apache Software Foundation
2018-11-12 08:25:22,136 INFO o.a.j.JMeter: Version 5.0 r1840935
2018-11-12 08:25:22,136 INFO o.a.j.JMeter: java.version=1.8.0_45
2018-11-12 08:25:22,136 INFO o.a.j.JMeter: java.vm.name=Java HotSpot(TM) 64-Bit Server VM
2018-11-12 08:25:22,136 INFO o.a.j.JMeter: os.name=Linux
2018-11-12 08:25:22,136 INFO o.a.j.JMeter: os.arch=amd64
2018-11-12 08:25:22,136 INFO o.a.j.JMeter: os.version=4.15.0-20-generic
2018-11-12 08:25:22,136 INFO o.a.j.JMeter: file.encoding=UTF-8
2018-11-12 08:25:22,137 INFO o.a.j.JMeter: Max memory     =1789919232
2018-11-12 08:25:22,137 INFO o.a.j.JMeter: Available Processors =4
2018-11-12 08:25:22,171 INFO o.a.j.JMeter: Default Locale=English (United States)
2018-11-12 08:25:22,171 INFO o.a.j.JMeter: JMeter  Locale=English (United States)
2018-11-12 08:25:22,172 INFO o.a.j.JMeter: JMeterHome=/home/yasas/Documents/WSO2/apache-jmeter-5.0
2018-11-12 08:25:22,172 INFO o.a.j.JMeter: user.dir  =/home/yasas/Documents/WSO2/apache-jmeter-5.0/bin
2018-11-12 08:25:22,172 INFO o.a.j.JMeter: PWD       =/home/yasas/Documents/WSO2/apache-jmeter-5.0/bin
2018-11-12 08:25:22,172 INFO o.a.j.JMeter: IP: 127.0.1.1 Name: yasas-ThinkPad-T530 FullName: yasas-ThinkPad-T530
2018-11-12 08:25:23,378 INFO o.a.j.g.a.LookAndFeelCommand: Installing Darcula LAF
2018-11-12 08:25:23,830 INFO o.a.j.g.a.LookAndFeelCommand: Using look and feel: com.bulenkov.darcula.DarculaLaf [Darcula]
2018-11-12 08:25:23,830 INFO o.a.j.JMeter: Setting LAF to: com.bulenkov.darcula.DarculaLaf
2018-11-12 08:25:24,166 INFO o.a.j.JMeter: Loaded icon properties from org/apache/jmeter/images/icon.properties
2018-11-12 08:25:25,538 INFO o.a.j.e.u.CompoundVariable: Note: Function class names must contain the string: '.functions.'
2018-11-12 08:25:25,545 INFO o.a.j.e.u.CompoundVariable: Note: Function class names must not contain the string: '.gui.'
2018-11-12 08:25:37,094 INFO o.a.j.p.h.s.HTTPSamplerBase: Parser for text/html is org.apache.jmeter.protocol.http.parser.LagartoBasedHtmlParser
2018-11-12 08:25:37,095 INFO o.a.j.p.h.s.HTTPSamplerBase: Parser for application/xhtml+xml is org.apache.jmeter.protocol.http.parser.LagartoBasedHtmlParser
2018-11-12 08:25:37,095 INFO o.a.j.p.h.s.HTTPSamplerBase: Parser for application/xml is org.apache.jmeter.protocol.http.parser.LagartoBasedHtmlParser
2018-11-12 08:25:37,095 INFO o.a.j.p.h.s.HTTPSamplerBase: Parser for text/xml is org.apache.jmeter.protocol.http.parser.LagartoBasedHtmlParser
2018-11-12 08:25:37,095 INFO o.a.j.p.h.s.HTTPSamplerBase: Parser for text/vnd.wap.wml is org.apache.jmeter.protocol.http.parser.RegexpHTMLParser
2018-11-12 08:25:37,095 INFO o.a.j.p.h.s.HTTPSamplerBase: Parser for text/css is org.apache.jmeter.protocol.http.parser.CssParser
2018-11-12 08:25:38,721 INFO o.a.j.e.KeyToolUtils: keytool found at 'keytool'
2018-11-12 08:25:38,721 INFO o.a.j.p.h.p.ProxyControl: HTTP(S) Test Script Recorder SSL Proxy will use keys that support embedded 3rd party resources in file /home/yasas/Documents/WSO2/apache-jmeter-5.0/bin/proxyserver.jks
2018-11-12 08:25:38,946 INFO o.a.j.s.FileServer: Default base='/home/yasas/Documents/WSO2/apache-jmeter-5.0/bin'
2018-11-12 08:25:40,175 INFO o.a.j.s.SampleResult: Note: Sample TimeStamps are START times
2018-11-12 08:25:40,175 INFO o.a.j.s.SampleResult: sampleresult.default.encoding is set to ISO-8859-1
2018-11-12 08:25:40,175 INFO o.a.j.s.SampleResult: sampleresult.useNanoTime=true
2018-11-12 08:25:40,175 INFO o.a.j.s.SampleResult: sampleresult.nanoThreadSleep=5000
2018-11-12 08:33:15,309 INFO o.a.j.g.a.Load: Loading file: /home/yasas/Documents/WSO2/Testing_APIM/Test case 01 - Create a api.jmx
2018-11-12 08:33:15,310 INFO o.a.j.s.FileServer: Set new base='/home/yasas/Documents/WSO2/Testing_APIM'
2018-11-12 08:33:15,535 INFO o.a.j.s.SaveService: Testplan (JMX) version: 2.2. Testlog (JTL) version: 2.2
2018-11-12 08:33:15,559 INFO o.a.j.s.SaveService: Using SaveService properties file encoding UTF-8
2018-11-12 08:33:15,561 INFO o.a.j.s.SaveService: Using SaveService properties version 5.0
2018-11-12 08:33:15,564 INFO o.a.j.s.SaveService: Loading file: /home/yasas/Documents/WSO2/Testing_APIM/Test case 01 - Create a api.jmx
2018-11-12 08:33:16,277 INFO o.a.j.s.FileServer: Set new base='/home/yasas/Documents/WSO2/Testing_APIM'
2018-11-12 08:33:24,381 INFO o.a.j.g.a.Load: Loading file: /home/yasas/Documents/WSO2/Testing_APIM/Test cases(Mixed).jmx
2018-11-12 08:33:24,381 INFO o.a.j.s.FileServer: Set new base='/home/yasas/Documents/WSO2/Testing_APIM'
2018-11-12 08:33:24,381 INFO o.a.j.s.SaveService: Loading file: /home/yasas/Documents/WSO2/Testing_APIM/Test cases(Mixed).jmx
2018-11-12 08:33:24,585 INFO o.a.j.s.FileServer: Set new base='/home/yasas/Documents/WSO2/Testing_APIM'
2018-11-12 08:34:47,439 INFO o.a.j.e.StandardJMeterEngine: Running the test!
2018-11-12 08:34:47,440 INFO o.a.j.s.SampleEvent: List of sample_variables: []
2018-11-12 08:34:47,440 INFO o.a.j.s.SampleEvent: List of sample_variables: []
2018-11-12 08:34:47,459 INFO o.a.j.g.u.JMeterMenuBar: setRunning(true, *local*)
2018-11-12 08:34:47,634 INFO o.a.j.e.StandardJMeterEngine: Starting ThreadGroup: 1 : API Publisher
2018-11-12 08:34:47,634 INFO o.a.j.e.StandardJMeterEngine: Starting 1 threads for group API Publisher.
2018-11-12 08:34:47,634 INFO o.a.j.e.StandardJMeterEngine: Thread will continue on error
2018-11-12 08:34:47,634 INFO o.a.j.t.ThreadGroup: Starting thread group... number=1 threads=1 ramp-up=1 perThread=1000.0 delayedStart=false
2018-11-12 08:34:47,656 INFO o.a.j.t.ThreadGroup: Started thread group number 1
2018-11-12 08:34:47,657 INFO o.a.j.e.StandardJMeterEngine: All thread groups have been started
2018-11-12 08:34:47,660 INFO o.a.j.t.JMeterThread: Thread started: API Publisher 1-1
2018-11-12 08:34:47,744 INFO o.a.j.p.h.s.HTTPHCAbstractImpl: Local host = yasas-ThinkPad-T530
2018-11-12 08:34:47,749 INFO o.a.j.p.h.s.HTTPHC4Impl: HTTP request retry count = 0
2018-11-12 08:34:47,826 INFO o.a.j.p.h.s.h.LazyLayeredConnectionSocketFactory: Setting up HTTPS TrustAll Socket Factory
2018-11-12 08:34:47,829 INFO o.a.j.u.JsseSSLManager: Using default SSL protocol: TLS
2018-11-12 08:34:47,829 INFO o.a.j.u.JsseSSLManager: SSL session context: per-thread
2018-11-12 08:34:47,880 INFO o.a.j.u.SSLManager: JmeterKeyStore Location:  type JKS
2018-11-12 08:34:47,881 INFO o.a.j.u.SSLManager: KeyStore created OK
2018-11-12 08:34:47,881 WARN o.a.j.u.SSLManager: Keystore file not found, loading empty keystore
2018-11-12 08:34:53,004 INFO o.a.j.t.JMeterThread: Thread is done: API Publisher 1-1
2018-11-12 08:34:53,004 INFO o.a.j.t.JMeterThread: Thread finished: API Publisher 1-1
2018-11-12 08:34:53,006 INFO o.a.j.e.StandardJMeterEngine: Notifying test listeners of end of test
2018-11-12 08:34:53,007 INFO o.a.j.g.u.JMeterMenuBar: setRunning(false, *local*)
